<?xml version="1.0" encoding="UTF-8"?>
<!-- Generated by org.testng.reporters.JUnitReportReporter -->
<testsuite skipped="0" hostname="DESKTOP-3A4C4UN" name="test.SiguUpTest" tests="1" failures="0" timestamp="2020-08-07T00:25:02 CEST" time="10.568" errors="0">
  <testcase name="signUpNewUser" time="10.568" classname="test.SiguUpTest"/>
  <system-out/>
</testsuite> <!-- test.SiguUpTest -->
