<?xml version="1.0" encoding="UTF-8"?>
<!-- Generated by org.testng.reporters.JUnitReportReporter -->
<testsuite skipped="0" hostname="DESKTOP-3A4C4UN" name="test.AddItemWishListTest" tests="1" failures="0" timestamp="2020-08-07T00:25:02 CEST" time="5.475" errors="0">
  <testcase name="addProductToWishList" time="5.475" classname="test.AddItemWishListTest"/>
  <system-out/>
</testsuite> <!-- test.AddItemWishListTest -->
