<?xml version="1.0" encoding="UTF-8"?>
<!-- Generated by org.testng.reporters.JUnitReportReporter -->
<testsuite skipped="0" hostname="DESKTOP-3A4C4UN" name="test.CreateWishListTest" tests="2" failures="0" timestamp="2020-08-07T00:01:10 CEST" time="13.755" errors="0">
  <testcase name="createWishlist" time="13.578" classname="test.CreateWishListTest"/>
  <system-out/>
  <testcase name="deleteWishList" time="0.177" classname="test.CreateWishListTest"/>
  <system-out/>
</testsuite> <!-- test.CreateWishListTest -->
