<?xml version="1.0" encoding="UTF-8"?>
<!-- Generated by org.testng.reporters.JUnitReportReporter -->
<testsuite skipped="0" hostname="DESKTOP-3A4C4UN" name="test.CreateWishListAndDeleteListTest" tests="2" failures="0" timestamp="2020-08-07T00:25:02 CEST" time="14.006" errors="0">
  <testcase name="createWishlist" time="13.811" classname="test.CreateWishListAndDeleteListTest"/>
  <system-out/>
  <testcase name="deleteWishList" time="0.195" classname="test.CreateWishListAndDeleteListTest"/>
  <system-out/>
</testsuite> <!-- test.CreateWishListAndDeleteListTest -->
